47972478 reads; of these:
  47972478 (100.00%) were paired; of these:
    2794439 (5.83%) aligned concordantly 0 times
    22150867 (46.17%) aligned concordantly exactly 1 time
    23027172 (48.00%) aligned concordantly >1 times
    ----
    2794439 pairs aligned concordantly 0 times; of these:
      95181 (3.41%) aligned discordantly 1 time
    ----
    2699258 pairs aligned 0 times concordantly or discordantly; of these:
      5398516 mates make up the pairs; of these:
        2507655 (46.45%) aligned 0 times
        1213498 (22.48%) aligned exactly 1 time
        1677363 (31.07%) aligned >1 times
97.39% overall alignment rate
Mapping reads to reference genome completed for HER23
Converting sam to bam completed for HER23
sam file removed for HER23
[bam_sort_core] merging from 0 files and 32 in-memory blocks...
slurmstepd: error: *** JOB 13790788 ON binfservas31 CANCELLED AT 2024-12-06T06:36:23 DUE TO TIME LIMIT ***
